0 info it worked if it ends with ok
1 verbose cli [ 'C:\\Program Files\\nodejs\\node.exe',
1 verbose cli   'C:\\Program Files\\nodejs\\node_modules\\npm\\bin\\npm-cli.js',
1 verbose cli   'start' ]
2 info using npm@4.0.5
3 info using node@v7.4.0
4 verbose config Skipping project config: C:\Users\e/.npmrc. (matches userconfig)
5 verbose run-script [ 'prestart', 'start', 'poststart' ]
6 info lifecycle e@0.0.0~prestart: e@0.0.0
7 silly lifecycle e@0.0.0~prestart: no script for prestart, continuing
8 info lifecycle e@0.0.0~start: e@0.0.0
9 verbose lifecycle e@0.0.0~start: unsafe-perm in lifecycle true
10 verbose lifecycle e@0.0.0~start: PATH: C:\Program Files\nodejs\node_modules\npm\bin\node-gyp-bin;C:\Users\e\node_modules\.bin;C:\Program Files\nodejs;C:\Program Files\nodejs;C:\Users\e\AppData\Roaming\npm;c:\Program files\git\bin;C:\Program Files\Heroku\bin;C:\Program Files\MongoDB\Server\3.4\bin;C:\\Program Files\\nodejs\\node_modules\\npm\\bin\\npm-cli.js',;C:\Users\e\Downloads\express-master\express-master\bin\express;C:\WINDOWS\system32;C:\Users\e\AppData\Local\Temp\intellij-express-generator3523\node_modules\express-generator\bin
11 verbose lifecycle e@0.0.0~start: CWD: C:\Users\e
12 silly lifecycle e@0.0.0~start: Args: [ '/d /s /c', 'node ./bin/www' ]
13 silly lifecycle e@0.0.0~start: Returned: code: 1  signal: null
14 info lifecycle e@0.0.0~start: Failed to exec start script
15 verbose stack Error: e@0.0.0 start: `node ./bin/www`
15 verbose stack Exit status 1
15 verbose stack     at EventEmitter.<anonymous> (C:\Program Files\nodejs\node_modules\npm\lib\utils\lifecycle.js:279:16)
15 verbose stack     at emitTwo (events.js:106:13)
15 verbose stack     at EventEmitter.emit (events.js:191:7)
15 verbose stack     at ChildProcess.<anonymous> (C:\Program Files\nodejs\node_modules\npm\lib\utils\spawn.js:40:14)
15 verbose stack     at emitTwo (events.js:106:13)
15 verbose stack     at ChildProcess.emit (events.js:191:7)
15 verbose stack     at maybeClose (internal/child_process.js:885:16)
15 verbose stack     at Process.ChildProcess._handle.onexit (internal/child_process.js:226:5)
16 verbose pkgid e@0.0.0
17 verbose cwd C:\Users\e\WebstormProjects\node application\project2
18 error Windows_NT 10.0.14393
19 error argv "C:\\Program Files\\nodejs\\node.exe" "C:\\Program Files\\nodejs\\node_modules\\npm\\bin\\npm-cli.js" "start"
20 error node v7.4.0
21 error npm  v4.0.5
22 error code ELIFECYCLE
23 error e@0.0.0 start: `node ./bin/www`
23 error Exit status 1
24 error Failed at the e@0.0.0 start script 'node ./bin/www'.
24 error Make sure you have the latest version of node.js and npm installed.
24 error If you do, this is most likely a problem with the e package,
24 error not with npm itself.
24 error Tell the author that this fails on your system:
24 error     node ./bin/www
24 error You can get information on how to open an issue for this project with:
24 error     npm bugs e
24 error Or if that isn't available, you can get their info via:
24 error     npm owner ls e
24 error There is likely additional logging output above.
25 verbose exit [ 1, true ]
